0 info it worked if it ends with ok
1 verbose cli [ '/Users/James/.nvm/versions/node/v5.10.1/bin/node',
1 verbose cli   '/Users/James/.nvm/versions/node/v5.10.1/bin/npm',
1 verbose cli   'run',
1 verbose cli   'lint' ]
2 info using npm@3.8.3
3 info using node@v5.10.1
4 verbose run-script [ 'prelint', 'lint', 'postlint' ]
5 info lifecycle react_js_boilerplate@1.0.0~prelint: react_js_boilerplate@1.0.0
6 silly lifecycle react_js_boilerplate@1.0.0~prelint: no script for prelint, continuing
7 info lifecycle react_js_boilerplate@1.0.0~lint: react_js_boilerplate@1.0.0
8 verbose lifecycle react_js_boilerplate@1.0.0~lint: unsafe-perm in lifecycle true
9 verbose lifecycle react_js_boilerplate@1.0.0~lint: PATH: /Users/James/.nvm/versions/node/v5.10.1/lib/node_modules/npm/bin/node-gyp-bin:/Users/James/GoogleDrive/workspace/react-navbar/node_modules/.bin:/Users/James/.nvm/versions/node/v5.10.1/bin:/Users/James/perl5/bin:~/Applications/scala-2.11.8/bin/:~/Applications/activator-dist-1.3.9/bin/:/Users/James/.nvm/versions/node/v5.10.1/bin:/Library/Frameworks/Python.framework/Versions/3.5/bin:/opt/local/bin:/opt/local/sbin:/Library/Frameworks/Python.framework/Versions/3.4/bin:~/Applications/scala-2.11.8/bin/:~/Applications/activator-dist-1.3.9/bin/:/Library/Frameworks/Python.framework/Versions/3.5/bin:/opt/local/bin:/opt/local/sbin:/Library/Frameworks/Python.framework/Versions/3.4/bin:/usr/local/bin:/usr/bin:/bin:/usr/sbin:/sbin:/User/James/bin:/Library/TeX/texbin
10 verbose lifecycle react_js_boilerplate@1.0.0~lint: CWD: /Users/James/GoogleDrive/workspace/react-navbar
11 silly lifecycle react_js_boilerplate@1.0.0~lint: Args: [ '-c', 'eslint ./src' ]
12 silly lifecycle react_js_boilerplate@1.0.0~lint: Returned: code: 1  signal: null
13 info lifecycle react_js_boilerplate@1.0.0~lint: Failed to exec lint script
14 verbose stack Error: react_js_boilerplate@1.0.0 lint: `eslint ./src`
14 verbose stack Exit status 1
14 verbose stack     at EventEmitter.<anonymous> (/Users/James/.nvm/versions/node/v5.10.1/lib/node_modules/npm/lib/utils/lifecycle.js:239:16)
14 verbose stack     at emitTwo (events.js:100:13)
14 verbose stack     at EventEmitter.emit (events.js:185:7)
14 verbose stack     at ChildProcess.<anonymous> (/Users/James/.nvm/versions/node/v5.10.1/lib/node_modules/npm/lib/utils/spawn.js:24:14)
14 verbose stack     at emitTwo (events.js:100:13)
14 verbose stack     at ChildProcess.emit (events.js:185:7)
14 verbose stack     at maybeClose (internal/child_process.js:850:16)
14 verbose stack     at Process.ChildProcess._handle.onexit (internal/child_process.js:215:5)
15 verbose pkgid react_js_boilerplate@1.0.0
16 verbose cwd /Users/James/GoogleDrive/workspace/react-navbar
17 error Darwin 15.5.0
18 error argv "/Users/James/.nvm/versions/node/v5.10.1/bin/node" "/Users/James/.nvm/versions/node/v5.10.1/bin/npm" "run" "lint"
19 error node v5.10.1
20 error npm  v3.8.3
21 error code ELIFECYCLE
22 error react_js_boilerplate@1.0.0 lint: `eslint ./src`
22 error Exit status 1
23 error Failed at the react_js_boilerplate@1.0.0 lint script 'eslint ./src'.
23 error Make sure you have the latest version of node.js and npm installed.
23 error If you do, this is most likely a problem with the react_js_boilerplate package,
23 error not with npm itself.
23 error Tell the author that this fails on your system:
23 error     eslint ./src
23 error You can get information on how to open an issue for this project with:
23 error     npm bugs react_js_boilerplate
23 error Or if that isn't available, you can get their info via:
23 error     npm owner ls react_js_boilerplate
23 error There is likely additional logging output above.
24 verbose exit [ 1, true ]
